# JRE version: Java(TM) SE Runtime Environment (8.0_181-b13) (build 1.8.0_181-b13)
# Java VM: Java HotSpot(TM) Server VM (25.181-b13 mixed mode windows-x86 )
Heap:
 PSYoungGen      total 17664K, used 7673K [0x2f4c0000, 0x316c0000, 0x3de00000)
  eden space 13568K, 37% used [0x2f4c0000,0x2f9c4270,0x30200000)
  from space 4096K, 61% used [0x30200000,0x3047a470,0x30600000)
  to   space 6144K, 0% used [0x310c0000,0x310c0000,0x316c0000)
 ParOldGen       total 16640K, used 8167K [0x12200000, 0x13240000, 0x2f4c0000)
  object space 16640K, 49% used [0x12200000,0x129f9e30,0x13240000)
 Metaspace       used 6130K, capacity 6162K, committed 6272K, reserved 6528K
GC Heap History (10 events):
Event: 0.488 GC heap before
{Heap before GC invocations=5 (full 0):
 PSYoungGen      total 8448K, used 8445K [0x2f4c0000, 0x2fd40000, 0x3de00000)
  eden space 8192K, 100% used [0x2f4c0000,0x2fcc0000,0x2fcc0000)
  from space 256K, 98% used [0x2fd00000,0x2fd3f500,0x2fd40000)
  to   space 256K, 0% used [0x2fcc0000,0x2fcc0000,0x2fd00000)
 ParOldGen       total 5632K, used 3542K [0x12200000, 0x12780000, 0x2f4c0000)
  object space 5632K, 62% used [0x12200000,0x125758d8,0x12780000)
 Metaspace       used 4914K, capacity 4940K, committed 4992K, reserved 5504K
Event: 0.490 GC heap after
Heap after GC invocations=5 (full 0):
 PSYoungGen      total 8448K, used 253K [0x2f4c0000, 0x30940000, 0x3de00000)
  eden space 8192K, 0% used [0x2f4c0000,0x2f4c0000,0x2fcc0000)
  from space 256K, 98% used [0x2fcc0000,0x2fcff500,0x2fd00000)
  to   space 2304K, 0% used [0x30700000,0x30700000,0x30940000)
 ParOldGen       total 5632K, used 5121K [0x12200000, 0x12780000, 0x2f4c0000)
  object space 5632K, 90% used [0x12200000,0x12700478,0x12780000)
 Metaspace       used 4914K, capacity 4940K, committed 4992K, reserved 5504K
}
Event: 0.491 GC heap before
{Heap before GC invocations=6 (full 1):
 PSYoungGen      total 8448K, used 253K [0x2f4c0000, 0x30940000, 0x3de00000)
  eden space 8192K, 0% used [0x2f4c0000,0x2f4c0000,0x2fcc0000)
  from space 256K, 98% used [0x2fcc0000,0x2fcff500,0x2fd00000)
  to   space 2304K, 0% used [0x30700000,0x30700000,0x30940000)
 ParOldGen       total 5632K, used 5121K [0x12200000, 0x12780000, 0x2f4c0000)
  object space 5632K, 90% used [0x12200000,0x12700478,0x12780000)
 Metaspace       used 4914K, capacity 4940K, committed 4992K, reserved 5504K
Event: 0.498 GC heap after
Heap after GC invocations=6 (full 1):
 PSYoungGen      total 8448K, used 0K [0x2f4c0000, 0x30940000, 0x3de00000)
  eden space 8192K, 0% used [0x2f4c0000,0x2f4c0000,0x2fcc0000)
  from space 256K, 0% used [0x2fcc0000,0x2fcc0000,0x2fd00000)
  to   space 2304K, 0% used [0x30700000,0x30700000,0x30940000)
 ParOldGen       total 8192K, used 3072K [0x12200000, 0x12a00000, 0x2f4c0000)
  object space 8192K, 37% used [0x12200000,0x125003f8,0x12a00000)
 Metaspace       used 4914K, capacity 4940K, committed 4992K, reserved 5504K
}
Event: 0.549 GC heap before
{Heap before GC invocations=7 (full 1):
 PSYoungGen      total 8448K, used 8192K [0x2f4c0000, 0x30940000, 0x3de00000)
  eden space 8192K, 100% used [0x2f4c0000,0x2fcc0000,0x2fcc0000)
  from space 256K, 0% used [0x2fcc0000,0x2fcc0000,0x2fd00000)
  to   space 2304K, 0% used [0x30700000,0x30700000,0x30940000)
 ParOldGen       total 8192K, used 3072K [0x12200000, 0x12a00000, 0x2f4c0000)
  object space 8192K, 37% used [0x12200000,0x125003f8,0x12a00000)
 Metaspace       used 4995K, capacity 5036K, committed 5120K, reserved 5504K
Event: 0.552 GC heap after
Heap after GC invocations=7 (full 1):
 PSYoungGen      total 15872K, used 2298K [0x2f4c0000, 0x30a00000, 0x3de00000)
  eden space 13568K, 0% used [0x2f4c0000,0x2f4c0000,0x30200000)
  from space 2304K, 99% used [0x30700000,0x3093e858,0x30940000)
  to   space 4096K, 0% used [0x30200000,0x30200000,0x30600000)
 ParOldGen       total 8192K, used 5606K [0x12200000, 0x12a00000, 0x2f4c0000)
  object space 8192K, 68% used [0x12200000,0x12779b40,0x12a00000)
 Metaspace       used 4995K, capacity 5036K, committed 5120K, reserved 5504K
}
Event: 0.722 GC heap before
{Heap before GC invocations=8 (full 1):
 PSYoungGen      total 15872K, used 15866K [0x2f4c0000, 0x30a00000, 0x3de00000)
  eden space 13568K, 100% used [0x2f4c0000,0x30200000,0x30200000)
  from space 2304K, 99% used [0x30700000,0x3093e858,0x30940000)
  to   space 4096K, 0% used [0x30200000,0x30200000,0x30600000)
 ParOldGen       total 8192K, used 5606K [0x12200000, 0x12a00000, 0x2f4c0000)
  object space 8192K, 68% used [0x12200000,0x12779b40,0x12a00000)
 Metaspace       used 5716K, capacity 5778K, committed 5888K, reserved 6528K
Event: 0.727 GC heap after
Heap after GC invocations=8 (full 1):
 PSYoungGen      total 17664K, used 4088K [0x2f4c0000, 0x316c0000, 0x3de00000)
  eden space 13568K, 0% used [0x2f4c0000,0x2f4c0000,0x30200000)
  from space 4096K, 99% used [0x30200000,0x305fe208,0x30600000)
  to   space 6144K, 0% used [0x310c0000,0x310c0000,0x316c0000)
 ParOldGen       total 8192K, used 8069K [0x12200000, 0x12a00000, 0x2f4c0000)
  object space 8192K, 98% used [0x12200000,0x129e17f8,0x12a00000)
 Metaspace       used 5716K, capacity 5778K, committed 5888K, reserved 6528K
}
Event: 0.727 GC heap before
{Heap before GC invocations=9 (full 2):
 PSYoungGen      total 17664K, used 4088K [0x2f4c0000, 0x316c0000, 0x3de00000)
  eden space 13568K, 0% used [0x2f4c0000,0x2f4c0000,0x30200000)
  from space 4096K, 99% used [0x30200000,0x305fe208,0x30600000)
  to   space 6144K, 0% used [0x310c0000,0x310c0000,0x316c0000)
 ParOldGen       total 8192K, used 8069K [0x12200000, 0x12a00000, 0x2f4c0000)
  object space 8192K, 98% used [0x12200000,0x129e17f8,0x12a00000)
 Metaspace       used 5716K, capacity 5778K, committed 5888K, reserved 6528K
Event: 0.757 GC heap after
Heap after GC invocations=9 (full 2):
 PSYoungGen      total 17664K, used 2537K [0x2f4c0000, 0x316c0000, 0x3de00000)
  eden space 13568K, 0% used [0x2f4c0000,0x2f4c0000,0x30200000)
  from space 4096K, 61% used [0x30200000,0x3047a470,0x30600000)
  to   space 6144K, 0% used [0x310c0000,0x310c0000,0x316c0000)
 ParOldGen       total 16640K, used 8167K [0x12200000, 0x13240000, 0x2f4c0000)
  object space 16640K, 49% used [0x12200000,0x129f9e30,0x13240000)
 Metaspace       used 5716K, capacity 5778K, committed 5888K, reserved 6528K
}

